2016-12-26 18:29:08,097 INFO  [Log] Welcome Firefox! 
2016-12-26 18:29:08,301 INFO  [Log] UserName field found 
2016-12-26 18:29:09,117 INFO  [Log] Password field found 
2016-12-26 18:29:12,358 INFO  [Log] SignInButton found 
2016-12-26 18:29:16,241 INFO  [Log] LogoutButton found 
2016-12-26 18:29:16,327 INFO  [Log] LoginwithValidCredentials Test case completed 
2016-12-26 18:29:16,593 INFO  [Log] Closing the Firefox! 
2016-12-26 18:30:41,537 INFO  [Log] Welcome Firefox! 
2016-12-26 18:30:41,726 INFO  [Log] UserName field found 
2016-12-26 18:30:42,574 INFO  [Log] Password field found 
2016-12-26 18:30:44,962 INFO  [Log] SignInButton found 
2016-12-26 18:30:48,507 INFO  [Log] LogoutButton found 
2016-12-26 18:30:48,586 INFO  [Log] LoginwithValidCredentials Test case completed 
2016-12-26 18:30:48,789 INFO  [Log] Closing the Firefox! 
2016-12-26 18:53:24,941 INFO  [Log] Welcome Firefox! 
2016-12-26 18:53:25,197 INFO  [Log] UserName field found 
2016-12-26 18:53:26,367 INFO  [Log] Password field found 
2016-12-26 18:53:27,340 INFO  [Log] SignInButton found 
2016-12-26 18:53:27,424 INFO  [Log] LoginwithInValidCredentialsEmail Test case completed 
2016-12-26 18:53:27,616 INFO  [Log] Closing the Firefox! 
2016-12-26 18:53:37,710 INFO  [Log] Welcome Firefox! 
2016-12-26 18:53:37,853 INFO  [Log] UserName field found 
2016-12-26 18:53:38,605 INFO  [Log] Password field found 
2016-12-26 18:53:39,584 INFO  [Log] SignInButton found 
2016-12-26 18:53:39,673 INFO  [Log] LoginwithInValidCredentialsPassword Test case completed 
2016-12-26 18:53:39,926 INFO  [Log] Closing the Firefox! 
2016-12-26 18:53:52,409 INFO  [Log] Welcome Firefox! 
2016-12-26 18:53:52,550 INFO  [Log] UserName field found 
2016-12-26 18:53:52,706 INFO  [Log] Password field found 
2016-12-26 18:53:54,596 INFO  [Log] SignInButton found 
2016-12-26 18:53:54,690 INFO  [Log] LoginwithInValidCredentialsPasswordandEmail Test case completed 
2016-12-26 18:53:54,915 INFO  [Log] Closing the Firefox! 
2016-12-26 18:54:05,652 INFO  [Log] Welcome Firefox! 
2016-12-26 18:54:06,902 INFO  [Log] UserName field found 
2016-12-26 18:54:08,174 INFO  [Log] Password field found 
2016-12-26 18:54:10,723 INFO  [Log] SignInButton found 
2016-12-26 18:54:14,632 INFO  [Log] LogoutButton found 
2016-12-26 18:54:14,711 INFO  [Log] LoginwithValidCredentials Test case completed 
2016-12-26 18:54:14,913 INFO  [Log] Closing the Firefox! 
2016-12-26 19:33:13,304 INFO  [Log] Welcome Firefox! 
2016-12-26 19:33:13,493 INFO  [Log] UserName field found 
2016-12-26 19:33:14,647 INFO  [Log] Password field found 
2016-12-26 19:33:16,273 INFO  [Log] SignInButton found 
2016-12-26 19:33:16,336 INFO  [Log] LoginwithInValidCredentialsEmail Test case completed 
2016-12-26 19:33:16,523 INFO  [Log] Closing the Firefox! 
2016-12-26 19:33:26,586 INFO  [Log] Welcome Firefox! 
2016-12-26 19:33:26,759 INFO  [Log] UserName field found 
2016-12-26 19:33:29,195 INFO  [Log] Password field found 
2016-12-26 19:33:30,273 INFO  [Log] SignInButton found 
2016-12-26 19:33:30,367 INFO  [Log] LoginwithInValidCredentialsPassword Test case completed 
2016-12-26 19:33:30,540 INFO  [Log] Closing the Firefox! 
2016-12-26 19:33:39,236 INFO  [Log] Welcome Firefox! 
2016-12-26 19:33:40,611 INFO  [Log] UserName field found 
2016-12-26 19:33:41,252 INFO  [Log] Password field found 
2016-12-26 19:33:42,298 INFO  [Log] SignInButton found 
2016-12-26 19:33:42,361 INFO  [Log] LoginwithInValidCredentialsPasswordandEmail Test case completed 
2016-12-26 19:33:42,580 INFO  [Log] Closing the Firefox! 
2016-12-26 19:33:52,184 INFO  [Log] Welcome Firefox! 
2016-12-26 19:33:52,387 INFO  [Log] UserName field found 
2016-12-26 19:33:53,136 INFO  [Log] Password field found 
2016-12-26 19:33:55,636 INFO  [Log] SignInButton found 
2016-12-26 19:33:59,556 INFO  [Log] LogoutButton found 
2016-12-26 19:33:59,620 INFO  [Log] LoginwithValidCredentials Test case completed 
2016-12-26 19:33:59,854 INFO  [Log] Closing the Firefox! 
2016-12-27 15:47:57,491 INFO  [Log] Welcome Firefox! 
2016-12-27 15:47:57,773 INFO  [Log] UserName field found 
2016-12-27 15:47:58,397 INFO  [Log] Password field found 
2016-12-27 15:47:59,480 INFO  [Log] SignInButton found 
2016-12-27 15:47:59,574 INFO  [Log] LoginwithInValidCredentialsEmail Test case completed 
2016-12-27 15:47:59,777 INFO  [Log] Closing the Firefox! 
2016-12-27 15:48:09,915 INFO  [Log] Welcome Firefox! 
2016-12-27 15:48:11,135 INFO  [Log] UserName field found 
2016-12-27 15:48:11,791 INFO  [Log] Password field found 
2016-12-27 15:48:12,836 INFO  [Log] SignInButton found 
2016-12-27 15:48:12,886 INFO  [Log] LoginwithInValidCredentialsPassword Test case completed 
2016-12-27 15:48:13,142 INFO  [Log] Closing the Firefox! 
2016-12-27 15:48:23,009 INFO  [Log] Welcome Firefox! 
2016-12-27 15:48:23,197 INFO  [Log] UserName field found 
2016-12-27 15:48:23,940 INFO  [Log] Password field found 
2016-12-27 15:48:24,893 INFO  [Log] SignInButton found 
2016-12-27 15:48:24,958 INFO  [Log] LoginwithInValidCredentialsPasswordandEmail Test case completed 
2016-12-27 15:48:25,238 INFO  [Log] Closing the Firefox! 
2016-12-27 15:48:34,903 INFO  [Log] Welcome Firefox! 
2016-12-27 15:48:35,112 INFO  [Log] UserName field found 
2016-12-27 15:48:35,909 INFO  [Log] Password field found 
2016-12-27 15:48:38,189 INFO  [Log] SignInButton found 
2016-12-27 15:48:42,742 INFO  [Log] LogoutButton found 
2016-12-27 15:48:42,821 INFO  [Log] LoginwithValidCredentials Test case completed 
2016-12-27 15:48:43,086 INFO  [Log] Closing the Firefox! 
2016-12-27 18:18:40,354 INFO  [Log] Welcome Firefox! 
2016-12-27 18:18:40,529 INFO  [Log] UserName field found 
2016-12-27 18:18:41,624 INFO  [Log] Password field found 
2016-12-27 18:18:44,109 INFO  [Log] SignInButton found 
2016-12-27 18:18:48,245 INFO  [Log] LogoutButton found 
2016-12-27 18:18:48,309 INFO  [Log] LoginwithValidCredentials Test case completed 
2016-12-27 18:18:48,550 INFO  [Log] Closing the Firefox! 
2016-12-27 18:29:38,377 INFO  [Log] Welcome Firefox! 
2016-12-27 18:29:38,565 INFO  [Log] UserName field found 
2016-12-27 18:29:39,440 INFO  [Log] Password field found 
2016-12-27 18:29:42,294 INFO  [Log] SignInButton found 
2016-12-27 18:29:46,058 INFO  [Log] LogoutButton found 
2016-12-27 18:29:46,121 INFO  [Log] LoginwithValidCredentials Test case completed 
2016-12-27 18:29:46,583 INFO  [Log] Closing the Firefox! 
2016-12-28 17:10:08,208 INFO  [Log] Welcome Firefox! 
2016-12-28 17:10:09,473 INFO  [Log] UserName field found 
2016-12-28 17:10:10,194 INFO  [Log] Password field found 
2016-12-28 17:10:12,541 INFO  [Log] SignInButton found 
2016-12-28 17:10:17,184 INFO  [Log] LogoutButton found 
2016-12-28 17:10:17,247 INFO  [Log] LoginwithValidCredentials Test case completed 
2016-12-28 17:10:17,450 INFO  [Log] Closing the Firefox! 
2016-12-28 18:07:50,252 INFO  [Log] Welcome Firefox! 
2016-12-28 18:07:50,486 INFO  [Log] UserName field found 
2016-12-28 18:07:51,703 INFO  [Log] Password field found 
2016-12-28 18:07:54,125 INFO  [Log] SignInButton found 
2016-12-28 18:07:57,835 INFO  [Log] LogoutButton found 
2016-12-28 18:07:57,906 INFO  [Log] LoginwithValidCredentials Test case completed 
2016-12-28 18:07:58,156 INFO  [Log] Closing the Firefox! 
2017-01-10 18:12:21,911 INFO  [Log] Welcome Chrome! 
2017-01-10 18:21:49,932 INFO  [Log] Welcome Chrome! 
2017-01-10 18:21:50,090 INFO  [Log] UserName field found 
2017-01-10 18:21:50,163 INFO  [Log] Password field found 
2017-01-10 18:21:58,204 INFO  [Log] SignInButton found 
2017-01-10 18:22:00,642 INFO  [Log] Closing the Firefox! 
2017-01-10 18:23:08,014 INFO  [Log] Welcome Chrome! 
2017-01-10 18:23:08,218 INFO  [Log] UserName field found 
2017-01-10 18:23:08,298 INFO  [Log] Password field found 
2017-01-10 18:23:08,377 INFO  [Log] SignInButton found 
2017-01-10 18:23:08,380 INFO  [Log] Login with Valid Credentials Test case completed 
2017-01-10 18:23:25,393 INFO  [Log] Successfully Navigated to section 
2017-01-10 18:23:57,801 INFO  [Log] Closing the Firefox! 
2017-01-10 18:31:54,009 INFO  [Log] Welcome Chrome! 
2017-01-10 18:31:54,139 INFO  [Log] UserName field found 
2017-01-10 18:31:54,209 INFO  [Log] Password field found 
2017-01-10 18:31:54,288 INFO  [Log] SignInButton found 
2017-01-10 18:31:54,291 INFO  [Log] Login with Valid Credentials Test case completed 
2017-01-10 18:32:06,265 INFO  [Log] Closing the Firefox! 
2017-01-10 18:33:08,273 INFO  [Log] Welcome Chrome! 
2017-01-10 18:33:08,387 INFO  [Log] UserName field found 
2017-01-10 18:33:08,467 INFO  [Log] Password field found 
2017-01-10 18:33:16,646 INFO  [Log] SignInButton found 
2017-01-10 18:33:16,649 INFO  [Log] Login with Valid Credentials Test case completed 
2017-01-10 18:33:29,158 INFO  [Log] Successfully Navigated to section 
2017-01-10 18:33:29,518 INFO  [Log] Click on Add assignment 
2017-01-10 18:33:29,733 INFO  [Log] Click on Blog assignment 
2017-01-10 18:33:38,519 INFO  [Log] Entering the Blog assignment description 
2017-01-10 18:33:38,669 INFO  [Log] Entering the value of score 
2017-01-10 18:33:38,908 INFO  [Log] Entering the due date 
2017-01-10 18:33:41,430 INFO  [Log] Entering the assignment title name 
2017-01-10 18:33:49,944 INFO  [Log] Click on Review & assign button 
2017-01-10 18:33:57,459 INFO  [Log] Click on Assign button 
2017-01-10 18:33:57,459 INFO  [Log] BlogAssignment created successfully!  
2017-01-10 18:33:57,546 INFO  [Log] LogoutButton found 
2017-01-10 18:33:57,702 INFO  [Log] Closing the Firefox! 
2017-01-10 18:38:58,540 INFO  [Log] Welcome Chrome! 
2017-01-10 18:38:58,658 INFO  [Log] UserName field found 
2017-01-10 18:38:58,737 INFO  [Log] Password field found 
2017-01-10 18:39:04,315 INFO  [Log] SignInButton found 
2017-01-10 18:39:04,318 INFO  [Log] Login with Valid Credentials Test case completed 
2017-01-10 18:39:21,588 INFO  [Log] Successfully Navigated to section 
2017-01-10 18:39:21,934 INFO  [Log] Click on Add assignment 
2017-01-10 18:39:27,150 INFO  [Log] Click on Writing assignment 
2017-01-10 18:39:33,580 INFO  [Log] Entering the writing assignment description 
2017-01-10 18:39:33,749 INFO  [Log] Entering the value of score 
2017-01-10 18:39:33,825 INFO  [Log] Click on Available now 
2017-01-10 18:39:33,895 INFO  [Log] Click on AttachFile online 
2017-01-10 18:39:34,447 INFO  [Log] Entering the assignment title name 
2017-01-10 18:39:38,117 INFO  [Log] Entering the due date 
2017-01-10 18:39:44,212 INFO  [Log] Click on Review & assign button 
2017-01-10 18:39:51,466 INFO  [Log] Click on Assign button 
2017-01-10 18:39:51,466 INFO  [Log] Writing assignment with created type :attachdocument 
2017-01-10 18:39:52,574 INFO  [Log] LogoutButton found 
2017-01-10 18:39:54,929 INFO  [Log] Closing the Firefox! 
2017-01-10 18:40:03,116 INFO  [Log] Welcome Chrome! 
2017-01-10 18:40:03,211 INFO  [Log] UserName field found 
2017-01-10 18:40:03,298 INFO  [Log] Password field found 
2017-01-10 18:40:03,379 INFO  [Log] SignInButton found 
2017-01-10 18:40:03,385 INFO  [Log] Login with Valid Credentials Test case completed 
2017-01-10 18:40:27,655 INFO  [Log] Successfully Navigated to section 
2017-01-10 18:40:27,991 INFO  [Log] Click on Add assignment 
2017-01-10 18:40:30,270 INFO  [Log] Click on Writing assignment 
2017-01-10 18:40:35,368 INFO  [Log] Entering the writing assignment description 
2017-01-10 18:40:35,526 INFO  [Log] Entering the value of score 
2017-01-10 18:40:35,603 INFO  [Log] Click on Available now 
2017-01-10 18:40:35,673 INFO  [Log] Click on both online 
2017-01-10 18:40:35,776 INFO  [Log] Click on Simple text palette 
2017-01-10 18:40:36,287 INFO  [Log] Entering the assignment title name 
2017-01-10 18:40:39,941 INFO  [Log] Entering the due date 
2017-01-10 18:40:44,764 INFO  [Log] Click on Review & assign button 
2017-01-10 18:40:52,142 INFO  [Log] Click on Assign button 
2017-01-10 18:40:52,142 INFO  [Log] Writing assignment with created type :both 
2017-01-10 18:40:52,948 INFO  [Log] LogoutButton found 
2017-01-10 18:40:55,284 INFO  [Log] Closing the Firefox! 
2017-01-10 18:41:04,040 INFO  [Log] Welcome Chrome! 
2017-01-10 18:41:04,130 INFO  [Log] UserName field found 
2017-01-10 18:41:04,208 INFO  [Log] Password field found 
2017-01-10 18:41:11,893 INFO  [Log] SignInButton found 
2017-01-10 18:41:11,895 INFO  [Log] Login with Valid Credentials Test case completed 
2017-01-10 18:41:37,867 INFO  [Log] Successfully Navigated to section 
2017-01-10 18:41:38,215 INFO  [Log] Click on Add assignment 
2017-01-10 18:41:41,304 INFO  [Log] Click on Writing assignment 
2017-01-10 18:41:46,177 INFO  [Log] Entering the writing assignment description 
2017-01-10 18:41:46,363 INFO  [Log] Entering the value of score 
2017-01-10 18:41:46,439 INFO  [Log] Click on Available now 
2017-01-10 18:41:46,508 INFO  [Log] Click on Compose online 
2017-01-10 18:41:46,604 INFO  [Log] Click on Simple text palette 
2017-01-10 18:41:47,132 INFO  [Log] Entering the assignment title name 
2017-01-10 18:41:50,783 INFO  [Log] Entering the due date 
2017-01-10 18:41:55,599 INFO  [Log] Click on Review & assign button 
2017-01-10 18:42:02,954 INFO  [Log] Click on Assign button 
2017-01-10 18:42:02,955 INFO  [Log] Writing assignment with created type :composeonline 
2017-01-10 18:42:03,944 INFO  [Log] LogoutButton found 
2017-01-10 18:42:06,264 INFO  [Log] Closing the Firefox! 
